<?xml version="1.0" encoding="UTF-8"?>
<testsuite name="com.aifirewall.app.engine.parser.ChecksumUtilsTest" tests="3" skipped="0" failures="0" errors="0" timestamp="٢٠٢٦-٠٩-١٠T١٩:١٦:٠٦" hostname="AMRO" time="0.02">
  <properties/>
  <testcase name="testTransportChecksumIPv4" classname="com.aifirewall.app.engine.parser.ChecksumUtilsTest" time="0.019"/>
  <testcase name="testTransportChecksumIPv6" classname="com.aifirewall.app.engine.parser.ChecksumUtilsTest" time="0.0"/>
  <testcase name="testIpHeaderChecksumCalculation" classname="com.aifirewall.app.engine.parser.ChecksumUtilsTest" time="0.001"/>
  <system-out><![CDATA[]]></system-out>
  <system-err><![CDATA[]]></system-err>
</testsuite>
