<?xml version="1.0" encoding="UTF-8"?>
<testsuite name="com.aifirewall.app.engine.lifecycle.LifecycleStressTest" tests="6" skipped="0" failures="0" errors="0" timestamp="٢٠٢٦-٠٩-١٠T١٩:١٦:٠٢" hostname="AMRO" time="3.07">
  <properties/>
  <testcase name="testStartStopRepeatedLifecycle" classname="com.aifirewall.app.engine.lifecycle.LifecycleStressTest" time="2.731"/>
  <testcase name="testDuplicateStopsDoNotCrash" classname="com.aifirewall.app.engine.lifecycle.LifecycleStressTest" time="0.005"/>
  <testcase name="testStartStopStartStopCycle" classname="com.aifirewall.app.engine.lifecycle.LifecycleStressTest" time="0.005"/>
  <testcase name="testPolicyEngineRegressionAfterLifecycleFix" classname="com.aifirewall.app.engine.lifecycle.LifecycleStressTest" time="0.29"/>
  <testcase name="testAppRuleRepositoryCloseLifecycle" classname="com.aifirewall.app.engine.lifecycle.LifecycleStressTest" time="0.028"/>
  <testcase name="testDuplicateStartsDoNotCrashOrLeak" classname="com.aifirewall.app.engine.lifecycle.LifecycleStressTest" time="0.006"/>
  <system-out><![CDATA[]]></system-out>
  <system-err><![CDATA[]]></system-err>
</testsuite>
