<?xml version="1.0" encoding="UTF-8"?>
<testsuite name="com.aifirewall.app.engine.policy.RulePrecedenceTest" tests="4" skipped="0" failures="0" errors="0" timestamp="٢٠٢٦-٠٩-١٠T١٨:٣٨:٢٤" hostname="AMRO" time="0.012">
  <properties/>
  <testcase name="testGroupRuleAppliesWhenAppRuleUnset" classname="com.aifirewall.app.engine.policy.RulePrecedenceTest" time="0.003"/>
  <testcase name="testConflictingGroupRulesBlockTakesPrecedence" classname="com.aifirewall.app.engine.policy.RulePrecedenceTest" time="0.003"/>
  <testcase name="testDefaultPolicyWhenNoAppRuleAndNoGroup" classname="com.aifirewall.app.engine.policy.RulePrecedenceTest" time="0.003"/>
  <testcase name="testAppRuleOverridesGroupRule" classname="com.aifirewall.app.engine.policy.RulePrecedenceTest" time="0.002"/>
  <system-out><![CDATA[]]></system-out>
  <system-err><![CDATA[]]></system-err>
</testsuite>
