<?xml version="1.0" encoding="UTF-8"?>
<testsuite name="com.aifirewall.app.engine.lifecycle.LifecycleStressTest" tests="6" skipped="0" failures="0" errors="0" timestamp="٢٠٢٦-٠٩-٠٩T٢٠:٢٦:٥٤" hostname="AMRO" time="2.671">
  <properties/>
  <testcase name="testStartStopRepeatedLifecycle" classname="com.aifirewall.app.engine.lifecycle.LifecycleStressTest" time="2.373"/>
  <testcase name="testDuplicateStopsDoNotCrash" classname="com.aifirewall.app.engine.lifecycle.LifecycleStressTest" time="0.004"/>
  <testcase name="testStartStopStartStopCycle" classname="com.aifirewall.app.engine.lifecycle.LifecycleStressTest" time="0.004"/>
  <testcase name="testPolicyEngineRegressionAfterLifecycleFix" classname="com.aifirewall.app.engine.lifecycle.LifecycleStressTest" time="0.25"/>
  <testcase name="testAppRuleRepositoryCloseLifecycle" classname="com.aifirewall.app.engine.lifecycle.LifecycleStressTest" time="0.029"/>
  <testcase name="testDuplicateStartsDoNotCrashOrLeak" classname="com.aifirewall.app.engine.lifecycle.LifecycleStressTest" time="0.005"/>
  <system-out><![CDATA[]]></system-out>
  <system-err><![CDATA[]]></system-err>
</testsuite>
