<?xml version="1.0" encoding="UTF-8"?>
<testsuite name="com.aifirewall.app.engine.policy.FirewallPolicyEngineTest" tests="7" skipped="0" failures="0" errors="0" timestamp="٢٠٢٦-٠٩-٠٩T٢٠:٢٦:٥٧" hostname="AMRO" time="0.039">
  <properties/>
  <testcase name="testBlockBothPolicy" classname="com.aifirewall.app.engine.policy.FirewallPolicyEngineTest" time="0.018"/>
  <testcase name="testUnknownUidHandling" classname="com.aifirewall.app.engine.policy.FirewallPolicyEngineTest" time="0.004"/>
  <testcase name="testMultiApplicationIsolation" classname="com.aifirewall.app.engine.policy.FirewallPolicyEngineTest" time="0.003"/>
  <testcase name="testBlockWifiPolicy" classname="com.aifirewall.app.engine.policy.FirewallPolicyEngineTest" time="0.004"/>
  <testcase name="testBlockMobilePolicy" classname="com.aifirewall.app.engine.policy.FirewallPolicyEngineTest" time="0.003"/>
  <testcase name="testAllowPolicy" classname="com.aifirewall.app.engine.policy.FirewallPolicyEngineTest" time="0.003"/>
  <testcase name="testInstalledAppWithoutBlockingRuleDefaultsToAllow" classname="com.aifirewall.app.engine.policy.FirewallPolicyEngineTest" time="0.003"/>
  <system-out><![CDATA[]]></system-out>
  <system-err><![CDATA[]]></system-err>
</testsuite>
