<?xml version="1.0" encoding="UTF-8"?>
<testsuite name="com.aifirewall.app.engine.parser.PacketParserTest" tests="4" skipped="0" failures="0" errors="0" timestamp="٢٠٢٦-٠٩-٠٩T٢٠:٢٦:٥٧" hostname="AMRO" time="0.013">
  <properties/>
  <testcase name="testParseTruncatedPacketReturnsNull" classname="com.aifirewall.app.engine.parser.PacketParserTest" time="0.002"/>
  <testcase name="testParseIPv6Packet" classname="com.aifirewall.app.engine.parser.PacketParserTest" time="0.009"/>
  <testcase name="testParseIPv4UdpPacket" classname="com.aifirewall.app.engine.parser.PacketParserTest" time="0.0"/>
  <testcase name="testParseIPv4TcpSynPacket" classname="com.aifirewall.app.engine.parser.PacketParserTest" time="0.001"/>
  <system-out><![CDATA[]]></system-out>
  <system-err><![CDATA[]]></system-err>
</testsuite>
